<component name="ProjectRunConfigurationManager">
  <configuration default="false" name="test-web-server (JS)" type="NodeJSConfigurationType" path-to-js-file="__tests__/js/test-web-server.js" working-dir="$PROJECT_DIR$">
    <method v="2" />
  </configuration>
</component>